<?xml version="1.0" encoding="UTF-8"?>
<!-- Generated by org.testng.reporters.JUnitReportReporter -->
<testsuite skipped="0" hostname="NEW" name="com.ebanking.master.Exepom" tests="1" failures="0" timestamp="03 Sep 2020 18:32:01 GMT" time="30.696" errors="0">
  <testcase name="Admin" time="30.696" classname="com.ebanking.master.Exepom"/>
</testsuite> <!-- com.ebanking.master.Exepom -->
